Performing C SOURCE FILE Test FLAG_SUPPORTED_fvisibilityhidden failed with the following output:
Change Dir: D:/workspaces/taos_odbc/cmake-build-debug-visual-studio/CMakeFiles/CMakeScratch/TryCompile-8qxv9t

Run Build Command(s):nmake -f Makefile /nologo cmTC_7e66d\fast && 	"C:\Program Files (x86)\Microsoft Visual Studio\2019\Community\VC\Tools\MSVC\14.29.30133\bin\HostX86\x64\nmake.exe"  -f CMakeFiles\cmTC_7e66d.dir\build.make /nologo -L                  CMakeFiles\cmTC_7e66d.dir\build
Building C object CMakeFiles/cmTC_7e66d.dir/src.c.obj
	C:\App\CMake\bin\cmake.exe -E cmake_cl_compile_depends --dep-file=CMakeFiles\cmTC_7e66d.dir\src.c.obj.d --working-dir=D:\workspaces\taos_odbc\cmake-build-debug-visual-studio\CMakeFiles\CMakeScratch\TryCompile-8qxv9t --filter-prefix="Note: including file: " -- C:\PROGRA~2\MICROS~1\2019\COMMUN~1\VC\Tools\MSVC\1429~1.301\bin\Hostx86\x64\cl.exe @C:\Users\diana\AppData\Local\Temp\nm33A3.tmp
cl : Command line warning D9025 : overriding '/W3' with '/W4'
cl : Command line warning D9002 : ignoring unknown option '-fvisibility=hidden'
src.c
Linking C executable cmTC_7e66d.exe
	C:\App\CMake\bin\cmake.exe -E vs_link_exe --intdir=CMakeFiles\cmTC_7e66d.dir --rc=C:\PROGRA~2\WI3CF2~1\10\bin\100190~1.0\x86\rc.exe --mt=C:\PROGRA~2\WI3CF2~1\10\bin\100190~1.0\x86\mt.exe --manifests -- C:\PROGRA~2\MICROS~1\2019\COMMUN~1\VC\Tools\MSVC\1429~1.301\bin\Hostx86\x64\link.exe /nologo @CMakeFiles\cmTC_7e66d.dir\objects1 @C:\Users\diana\AppData\Local\Temp\nm33E3.tmp


Source file was:
int main(void) { return 0; }

Performing C SOURCE FILE Test CFLAG_Wextra failed with the following output:
Change Dir: D:/workspaces/taos_odbc/cmake-build-debug-visual-studio/CMakeFiles/CMakeScratch/TryCompile-hpcs0j

Run Build Command(s):nmake -f Makefile /nologo cmTC_97ea0\fast && 	"C:\Program Files (x86)\Microsoft Visual Studio\2019\Community\VC\Tools\MSVC\14.29.30133\bin\HostX86\x64\nmake.exe"  -f CMakeFiles\cmTC_97ea0.dir\build.make /nologo -L                  CMakeFiles\cmTC_97ea0.dir\build
Building C object CMakeFiles/cmTC_97ea0.dir/src.c.obj
	C:\App\CMake\bin\cmake.exe -E cmake_cl_compile_depends --dep-file=CMakeFiles\cmTC_97ea0.dir\src.c.obj.d --working-dir=D:\workspaces\taos_odbc\cmake-build-debug-visual-studio\CMakeFiles\CMakeScratch\TryCompile-hpcs0j --filter-prefix="Note: including file: " -- C:\PROGRA~2\MICROS~1\2019\COMMUN~1\VC\Tools\MSVC\1429~1.301\bin\Hostx86\x64\cl.exe @C:\Users\diana\AppData\Local\Temp\nm36D0.tmp
cl : Command line error D8021 : invalid numeric argument '/Wextra'
NMAKE : fatal error U1077: 'C:\App\CMake\bin\cmake.exe' : return code '0x2'
Stop.
NMAKE : fatal error U1077: '"C:\Program Files (x86)\Microsoft Visual Studio\2019\Community\VC\Tools\MSVC\14.29.30133\bin\HostX86\x64\nmake.exe"' : return code '0x2'
Stop.


Source file was:
int main(void) { return 0; }

Performing C SOURCE FILE Test CFLAG_Wundef failed with the following output:
Change Dir: D:/workspaces/taos_odbc/cmake-build-debug-visual-studio/CMakeFiles/CMakeScratch/TryCompile-ytiemv

Run Build Command(s):nmake -f Makefile /nologo cmTC_190cb\fast && 	"C:\Program Files (x86)\Microsoft Visual Studio\2019\Community\VC\Tools\MSVC\14.29.30133\bin\HostX86\x64\nmake.exe"  -f CMakeFiles\cmTC_190cb.dir\build.make /nologo -L                  CMakeFiles\cmTC_190cb.dir\build
Building C object CMakeFiles/cmTC_190cb.dir/src.c.obj
	C:\App\CMake\bin\cmake.exe -E cmake_cl_compile_depends --dep-file=CMakeFiles\cmTC_190cb.dir\src.c.obj.d --working-dir=D:\workspaces\taos_odbc\cmake-build-debug-visual-studio\CMakeFiles\CMakeScratch\TryCompile-ytiemv --filter-prefix="Note: including file: " -- C:\PROGRA~2\MICROS~1\2019\COMMUN~1\VC\Tools\MSVC\1429~1.301\bin\Hostx86\x64\cl.exe @C:\Users\diana\AppData\Local\Temp\nm373D.tmp
cl : Command line error D8021 : invalid numeric argument '/Wundef'
NMAKE : fatal error U1077: 'C:\App\CMake\bin\cmake.exe' : return code '0x2'
Stop.
NMAKE : fatal error U1077: '"C:\Program Files (x86)\Microsoft Visual Studio\2019\Community\VC\Tools\MSVC\14.29.30133\bin\HostX86\x64\nmake.exe"' : return code '0x2'
Stop.


Source file was:
int main(void) { return 0; }

Performing C SOURCE FILE Test CFLAG_Wcast_qual failed with the following output:
Change Dir: D:/workspaces/taos_odbc/cmake-build-debug-visual-studio/CMakeFiles/CMakeScratch/TryCompile-ojj6cx

Run Build Command(s):nmake -f Makefile /nologo cmTC_50eb9\fast && 	"C:\Program Files (x86)\Microsoft Visual Studio\2019\Community\VC\Tools\MSVC\14.29.30133\bin\HostX86\x64\nmake.exe"  -f CMakeFiles\cmTC_50eb9.dir\build.make /nologo -L                  CMakeFiles\cmTC_50eb9.dir\build
Building C object CMakeFiles/cmTC_50eb9.dir/src.c.obj
	C:\App\CMake\bin\cmake.exe -E cmake_cl_compile_depends --dep-file=CMakeFiles\cmTC_50eb9.dir\src.c.obj.d --working-dir=D:\workspaces\taos_odbc\cmake-build-debug-visual-studio\CMakeFiles\CMakeScratch\TryCompile-ojj6cx --filter-prefix="Note: including file: " -- C:\PROGRA~2\MICROS~1\2019\COMMUN~1\VC\Tools\MSVC\1429~1.301\bin\Hostx86\x64\cl.exe @C:\Users\diana\AppData\Local\Temp\nm37BA.tmp
cl : Command line error D8021 : invalid numeric argument '/Wcast-qual'
NMAKE : fatal error U1077: 'C:\App\CMake\bin\cmake.exe' : return code '0x2'
Stop.
NMAKE : fatal error U1077: '"C:\Program Files (x86)\Microsoft Visual Studio\2019\Community\VC\Tools\MSVC\14.29.30133\bin\HostX86\x64\nmake.exe"' : return code '0x2'
Stop.


Source file was:
int main(void) { return 0; }

Performing C SOURCE FILE Test CFLAG_Wcast_align failed with the following output:
Change Dir: D:/workspaces/taos_odbc/cmake-build-debug-visual-studio/CMakeFiles/CMakeScratch/TryCompile-uk2p9c

Run Build Command(s):nmake -f Makefile /nologo cmTC_c72b6\fast && 	"C:\Program Files (x86)\Microsoft Visual Studio\2019\Community\VC\Tools\MSVC\14.29.30133\bin\HostX86\x64\nmake.exe"  -f CMakeFiles\cmTC_c72b6.dir\build.make /nologo -L                  CMakeFiles\cmTC_c72b6.dir\build
Building C object CMakeFiles/cmTC_c72b6.dir/src.c.obj
	C:\App\CMake\bin\cmake.exe -E cmake_cl_compile_depends --dep-file=CMakeFiles\cmTC_c72b6.dir\src.c.obj.d --working-dir=D:\workspaces\taos_odbc\cmake-build-debug-visual-studio\CMakeFiles\CMakeScratch\TryCompile-uk2p9c --filter-prefix="Note: including file: " -- C:\PROGRA~2\MICROS~1\2019\COMMUN~1\VC\Tools\MSVC\1429~1.301\bin\Hostx86\x64\cl.exe @C:\Users\diana\AppData\Local\Temp\nm3827.tmp
cl : Command line error D8021 : invalid numeric argument '/Wcast-align'
NMAKE : fatal error U1077: 'C:\App\CMake\bin\cmake.exe' : return code '0x2'
Stop.
NMAKE : fatal error U1077: '"C:\Program Files (x86)\Microsoft Visual Studio\2019\Community\VC\Tools\MSVC\14.29.30133\bin\HostX86\x64\nmake.exe"' : return code '0x2'
Stop.


Source file was:
int main(void) { return 0; }

Performing C SOURCE FILE Test CFLAG_Wshadow failed with the following output:
Change Dir: D:/workspaces/taos_odbc/cmake-build-debug-visual-studio/CMakeFiles/CMakeScratch/TryCompile-p9622l

Run Build Command(s):nmake -f Makefile /nologo cmTC_7c91d\fast && 	"C:\Program Files (x86)\Microsoft Visual Studio\2019\Community\VC\Tools\MSVC\14.29.30133\bin\HostX86\x64\nmake.exe"  -f CMakeFiles\cmTC_7c91d.dir\build.make /nologo -L                  CMakeFiles\cmTC_7c91d.dir\build
Building C object CMakeFiles/cmTC_7c91d.dir/src.c.obj
	C:\App\CMake\bin\cmake.exe -E cmake_cl_compile_depends --dep-file=CMakeFiles\cmTC_7c91d.dir\src.c.obj.d --working-dir=D:\workspaces\taos_odbc\cmake-build-debug-visual-studio\CMakeFiles\CMakeScratch\TryCompile-p9622l --filter-prefix="Note: including file: " -- C:\PROGRA~2\MICROS~1\2019\COMMUN~1\VC\Tools\MSVC\1429~1.301\bin\Hostx86\x64\cl.exe @C:\Users\diana\AppData\Local\Temp\nm3895.tmp
cl : Command line error D8021 : invalid numeric argument '/Wshadow'
NMAKE : fatal error U1077: 'C:\App\CMake\bin\cmake.exe' : return code '0x2'
Stop.
NMAKE : fatal error U1077: '"C:\Program Files (x86)\Microsoft Visual Studio\2019\Community\VC\Tools\MSVC\14.29.30133\bin\HostX86\x64\nmake.exe"' : return code '0x2'
Stop.


Source file was:
int main(void) { return 0; }

Performing C SOURCE FILE Test CFLAG_Wswitch_enum failed with the following output:
Change Dir: D:/workspaces/taos_odbc/cmake-build-debug-visual-studio/CMakeFiles/CMakeScratch/TryCompile-yeidjg

Run Build Command(s):nmake -f Makefile /nologo cmTC_e3044\fast && 	"C:\Program Files (x86)\Microsoft Visual Studio\2019\Community\VC\Tools\MSVC\14.29.30133\bin\HostX86\x64\nmake.exe"  -f CMakeFiles\cmTC_e3044.dir\build.make /nologo -L                  CMakeFiles\cmTC_e3044.dir\build
Building C object CMakeFiles/cmTC_e3044.dir/src.c.obj
	C:\App\CMake\bin\cmake.exe -E cmake_cl_compile_depends --dep-file=CMakeFiles\cmTC_e3044.dir\src.c.obj.d --working-dir=D:\workspaces\taos_odbc\cmake-build-debug-visual-studio\CMakeFiles\CMakeScratch\TryCompile-yeidjg --filter-prefix="Note: including file: " -- C:\PROGRA~2\MICROS~1\2019\COMMUN~1\VC\Tools\MSVC\1429~1.301\bin\Hostx86\x64\cl.exe @C:\Users\diana\AppData\Local\Temp\nm3912.tmp
cl : Command line error D8021 : invalid numeric argument '/Wswitch-enum'
NMAKE : fatal error U1077: 'C:\App\CMake\bin\cmake.exe' : return code '0x2'
Stop.
NMAKE : fatal error U1077: '"C:\Program Files (x86)\Microsoft Visual Studio\2019\Community\VC\Tools\MSVC\14.29.30133\bin\HostX86\x64\nmake.exe"' : return code '0x2'
Stop.


Source file was:
int main(void) { return 0; }

Performing C SOURCE FILE Test CFLAG_Wdeclaration_after_statement failed with the following output:
Change Dir: D:/workspaces/taos_odbc/cmake-build-debug-visual-studio/CMakeFiles/CMakeScratch/TryCompile-9fhqct

Run Build Command(s):nmake -f Makefile /nologo cmTC_23afa\fast && 	"C:\Program Files (x86)\Microsoft Visual Studio\2019\Community\VC\Tools\MSVC\14.29.30133\bin\HostX86\x64\nmake.exe"  -f CMakeFiles\cmTC_23afa.dir\build.make /nologo -L                  CMakeFiles\cmTC_23afa.dir\build
Building C object CMakeFiles/cmTC_23afa.dir/src.c.obj
	C:\App\CMake\bin\cmake.exe -E cmake_cl_compile_depends --dep-file=CMakeFiles\cmTC_23afa.dir\src.c.obj.d --working-dir=D:\workspaces\taos_odbc\cmake-build-debug-visual-studio\CMakeFiles\CMakeScratch\TryCompile-9fhqct --filter-prefix="Note: including file: " -- C:\PROGRA~2\MICROS~1\2019\COMMUN~1\VC\Tools\MSVC\1429~1.301\bin\Hostx86\x64\cl.exe @C:\Users\diana\AppData\Local\Temp\nm397F.tmp
cl : Command line error D8021 : invalid numeric argument '/Wdeclaration-after-statement'
NMAKE : fatal error U1077: 'C:\App\CMake\bin\cmake.exe' : return code '0x2'
Stop.
NMAKE : fatal error U1077: '"C:\Program Files (x86)\Microsoft Visual Studio\2019\Community\VC\Tools\MSVC\14.29.30133\bin\HostX86\x64\nmake.exe"' : return code '0x2'
Stop.


Source file was:
int main(void) { return 0; }

Performing C SOURCE FILE Test CFLAG_Wstrict_prototypes failed with the following output:
Change Dir: D:/workspaces/taos_odbc/cmake-build-debug-visual-studio/CMakeFiles/CMakeScratch/TryCompile-3m3bg8

Run Build Command(s):nmake -f Makefile /nologo cmTC_af2eb\fast && 	"C:\Program Files (x86)\Microsoft Visual Studio\2019\Community\VC\Tools\MSVC\14.29.30133\bin\HostX86\x64\nmake.exe"  -f CMakeFiles\cmTC_af2eb.dir\build.make /nologo -L                  CMakeFiles\cmTC_af2eb.dir\build
Building C object CMakeFiles/cmTC_af2eb.dir/src.c.obj
	C:\App\CMake\bin\cmake.exe -E cmake_cl_compile_depends --dep-file=CMakeFiles\cmTC_af2eb.dir\src.c.obj.d --working-dir=D:\workspaces\taos_odbc\cmake-build-debug-visual-studio\CMakeFiles\CMakeScratch\TryCompile-3m3bg8 --filter-prefix="Note: including file: " -- C:\PROGRA~2\MICROS~1\2019\COMMUN~1\VC\Tools\MSVC\1429~1.301\bin\Hostx86\x64\cl.exe @C:\Users\diana\AppData\Local\Temp\nm39FC.tmp
cl : Command line error D8021 : invalid numeric argument '/Wstrict-prototypes'
NMAKE : fatal error U1077: 'C:\App\CMake\bin\cmake.exe' : return code '0x2'
Stop.
NMAKE : fatal error U1077: '"C:\Program Files (x86)\Microsoft Visual Studio\2019\Community\VC\Tools\MSVC\14.29.30133\bin\HostX86\x64\nmake.exe"' : return code '0x2'
Stop.


Source file was:
int main(void) { return 0; }

Performing C SOURCE FILE Test CFLAG_Wpointer_arith failed with the following output:
Change Dir: D:/workspaces/taos_odbc/cmake-build-debug-visual-studio/CMakeFiles/CMakeScratch/TryCompile-kza429

Run Build Command(s):nmake -f Makefile /nologo cmTC_8fe5b\fast && 	"C:\Program Files (x86)\Microsoft Visual Studio\2019\Community\VC\Tools\MSVC\14.29.30133\bin\HostX86\x64\nmake.exe"  -f CMakeFiles\cmTC_8fe5b.dir\build.make /nologo -L                  CMakeFiles\cmTC_8fe5b.dir\build
Building C object CMakeFiles/cmTC_8fe5b.dir/src.c.obj
	C:\App\CMake\bin\cmake.exe -E cmake_cl_compile_depends --dep-file=CMakeFiles\cmTC_8fe5b.dir\src.c.obj.d --working-dir=D:\workspaces\taos_odbc\cmake-build-debug-visual-studio\CMakeFiles\CMakeScratch\TryCompile-kza429 --filter-prefix="Note: including file: " -- C:\PROGRA~2\MICROS~1\2019\COMMUN~1\VC\Tools\MSVC\1429~1.301\bin\Hostx86\x64\cl.exe @C:\Users\diana\AppData\Local\Temp\nm3A6A.tmp
cl : Command line error D8021 : invalid numeric argument '/Wpointer-arith'
NMAKE : fatal error U1077: 'C:\App\CMake\bin\cmake.exe' : return code '0x2'
Stop.
NMAKE : fatal error U1077: '"C:\Program Files (x86)\Microsoft Visual Studio\2019\Community\VC\Tools\MSVC\14.29.30133\bin\HostX86\x64\nmake.exe"' : return code '0x2'
Stop.


Source file was:
int main(void) { return 0; }

Determining size of off64_t failed with the following output:
Change Dir: D:/workspaces/taos_odbc/cmake-build-debug-visual-studio/CMakeFiles/CMakeScratch/TryCompile-g87qsc

Run Build Command(s):nmake -f Makefile /nologo cmTC_a9db2\fast && 	"C:\Program Files (x86)\Microsoft Visual Studio\2019\Community\VC\Tools\MSVC\14.29.30133\bin\HostX86\x64\nmake.exe"  -f CMakeFiles\cmTC_a9db2.dir\build.make /nologo -L                  CMakeFiles\cmTC_a9db2.dir\build
Building C object CMakeFiles/cmTC_a9db2.dir/OFF64_T.c.obj
	C:\App\CMake\bin\cmake.exe -E cmake_cl_compile_depends --dep-file=CMakeFiles\cmTC_a9db2.dir\OFF64_T.c.obj.d --working-dir=D:\workspaces\taos_odbc\cmake-build-debug-visual-studio\CMakeFiles\CMakeScratch\TryCompile-g87qsc --filter-prefix="Note: including file: " -- C:\PROGRA~2\MICROS~1\2019\COMMUN~1\VC\Tools\MSVC\1429~1.301\bin\Hostx86\x64\cl.exe @C:\Users\diana\AppData\Local\Temp\nm4111.tmp
OFF64_T.c
D:\workspaces\taos_odbc\cmake-build-debug-visual-studio\CMakeFiles\CMakeScratch\TryCompile-g87qsc\OFF64_T.c(29): error C2065: 'off64_t': undeclared identifier
D:\workspaces\taos_odbc\cmake-build-debug-visual-studio\CMakeFiles\CMakeScratch\TryCompile-g87qsc\OFF64_T.c(30): error C2065: 'off64_t': undeclared identifier
D:\workspaces\taos_odbc\cmake-build-debug-visual-studio\CMakeFiles\CMakeScratch\TryCompile-g87qsc\OFF64_T.c(31): error C2065: 'off64_t': undeclared identifier
D:\workspaces\taos_odbc\cmake-build-debug-visual-studio\CMakeFiles\CMakeScratch\TryCompile-g87qsc\OFF64_T.c(32): error C2065: 'off64_t': undeclared identifier
D:\workspaces\taos_odbc\cmake-build-debug-visual-studio\CMakeFiles\CMakeScratch\TryCompile-g87qsc\OFF64_T.c(33): error C2065: 'off64_t': undeclared identifier
NMAKE : fatal error U1077: 'C:\App\CMake\bin\cmake.exe' : return code '0x2'
Stop.
NMAKE : fatal error U1077: '"C:\Program Files (x86)\Microsoft Visual Studio\2019\Community\VC\Tools\MSVC\14.29.30133\bin\HostX86\x64\nmake.exe"' : return code '0x2'
Stop.


OFF64_T.c:
#include <sys/types.h>
#include <stdint.h>
#include <stddef.h>


#undef KEY
#if defined(__i386)
# define KEY '_','_','i','3','8','6'
#elif defined(__x86_64)
# define KEY '_','_','x','8','6','_','6','4'
#elif defined(__PPC64__)
# define KEY '_','_','P','P','C','6','4','_','_'
#elif defined(__ppc64__)
# define KEY '_','_','p','p','c','6','4','_','_'
#elif defined(__PPC__)
# define KEY '_','_','P','P','C','_','_'
#elif defined(__ppc__)
# define KEY '_','_','p','p','c','_','_'
#elif defined(__aarch64__)
# define KEY '_','_','a','a','r','c','h','6','4','_','_'
#elif defined(__ARM_ARCH_7A__)
# define KEY '_','_','A','R','M','_','A','R','C','H','_','7','A','_','_'
#elif defined(__ARM_ARCH_7S__)
# define KEY '_','_','A','R','M','_','A','R','C','H','_','7','S','_','_'
#endif

#define SIZE (sizeof(off64_t))
static char info_size[] =  {'I', 'N', 'F', 'O', ':', 's','i','z','e','[',
  ('0' + ((SIZE / 10000)%10)),
  ('0' + ((SIZE / 1000)%10)),
  ('0' + ((SIZE / 100)%10)),
  ('0' + ((SIZE / 10)%10)),
  ('0' +  (SIZE    % 10)),
  ']',
#ifdef KEY
  ' ','k','e','y','[', KEY, ']',
#endif
  '\0'};

#ifdef __CLASSIC_C__
int main(argc, argv) int argc; char *argv[];
#else
int main(int argc, char *argv[])
#endif
{
  int require = 0;
  require += info_size[argc];
  (void)argv;
  return require;
}


Determining if the function fseeko exists failed with the following output:
Change Dir: D:/workspaces/taos_odbc/cmake-build-debug-visual-studio/CMakeFiles/CMakeScratch/TryCompile-iduulp

Run Build Command(s):nmake -f Makefile /nologo cmTC_71354\fast && 	"C:\Program Files (x86)\Microsoft Visual Studio\2019\Community\VC\Tools\MSVC\14.29.30133\bin\HostX86\x64\nmake.exe"  -f CMakeFiles\cmTC_71354.dir\build.make /nologo -L                  CMakeFiles\cmTC_71354.dir\build
Building C object CMakeFiles/cmTC_71354.dir/CheckFunctionExists.c.obj
	C:\App\CMake\bin\cmake.exe -E cmake_cl_compile_depends --dep-file=CMakeFiles\cmTC_71354.dir\CheckFunctionExists.c.obj.d --working-dir=D:\workspaces\taos_odbc\cmake-build-debug-visual-studio\CMakeFiles\CMakeScratch\TryCompile-iduulp --filter-prefix="Note: including file: " -- C:\PROGRA~2\MICROS~1\2019\COMMUN~1\VC\Tools\MSVC\1429~1.301\bin\Hostx86\x64\cl.exe @C:\Users\diana\AppData\Local\Temp\nm419D.tmp
CheckFunctionExists.c
Linking C executable cmTC_71354.exe
	C:\App\CMake\bin\cmake.exe -E vs_link_exe --intdir=CMakeFiles\cmTC_71354.dir --rc=C:\PROGRA~2\WI3CF2~1\10\bin\100190~1.0\x86\rc.exe --mt=C:\PROGRA~2\WI3CF2~1\10\bin\100190~1.0\x86\mt.exe --manifests -- C:\PROGRA~2\MICROS~1\2019\COMMUN~1\VC\Tools\MSVC\1429~1.301\bin\Hostx86\x64\link.exe /nologo @CMakeFiles\cmTC_71354.dir\objects1 @C:\Users\diana\AppData\Local\Temp\nm41EC.tmp
LINK Pass 1: command "C:\PROGRA~2\MICROS~1\2019\COMMUN~1\VC\Tools\MSVC\1429~1.301\bin\Hostx86\x64\link.exe /nologo @CMakeFiles\cmTC_71354.dir\objects1 /out:cmTC_71354.exe /implib:cmTC_71354.lib /pdb:D:\workspaces\taos_odbc\cmake-build-debug-visual-studio\CMakeFiles\CMakeScratch\TryCompile-iduulp\cmTC_71354.pdb /version:0.0 /machine:x64 /debug /INCREMENTAL /subsystem:console kernel32.lib user32.lib gdi32.lib winspool.lib shell32.lib ole32.lib oleaut32.lib uuid.lib comdlg32.lib advapi32.lib /MANIFEST /MANIFESTFILE:CMakeFiles\cmTC_71354.dir/intermediate.manifest CMakeFiles\cmTC_71354.dir/manifest.res" failed (exit code 1120) with the following output:
CheckFunctionExists.c.obj : error LNK2019: unresolved external symbol fseeko referenced in function main
cmTC_71354.exe : fatal error LNK1120: 1 unresolved externals
NMAKE : fatal error U1077: 'C:\App\CMake\bin\cmake.exe' : return code '0xffffffff'
Stop.
NMAKE : fatal error U1077: '"C:\Program Files (x86)\Microsoft Visual Studio\2019\Community\VC\Tools\MSVC\14.29.30133\bin\HostX86\x64\nmake.exe"' : return code '0x2'
Stop.



Determining if the include file unistd.h exists failed with the following output:
Change Dir: D:/workspaces/taos_odbc/cmake-build-debug-visual-studio/CMakeFiles/CMakeScratch/TryCompile-npxp3f

Run Build Command(s):nmake -f Makefile /nologo cmTC_63b91\fast && 	"C:\Program Files (x86)\Microsoft Visual Studio\2019\Community\VC\Tools\MSVC\14.29.30133\bin\HostX86\x64\nmake.exe"  -f CMakeFiles\cmTC_63b91.dir\build.make /nologo -L                  CMakeFiles\cmTC_63b91.dir\build
Building C object CMakeFiles/cmTC_63b91.dir/CheckIncludeFile.c.obj
	C:\App\CMake\bin\cmake.exe -E cmake_cl_compile_depends --dep-file=CMakeFiles\cmTC_63b91.dir\CheckIncludeFile.c.obj.d --working-dir=D:\workspaces\taos_odbc\cmake-build-debug-visual-studio\CMakeFiles\CMakeScratch\TryCompile-npxp3f --filter-prefix="Note: including file: " -- C:\PROGRA~2\MICROS~1\2019\COMMUN~1\VC\Tools\MSVC\1429~1.301\bin\Hostx86\x64\cl.exe @C:\Users\diana\AppData\Local\Temp\nm4288.tmp
CheckIncludeFile.c
D:\workspaces\taos_odbc\cmake-build-debug-visual-studio\CMakeFiles\CMakeScratch\TryCompile-npxp3f\CheckIncludeFile.c(1): fatal error C1083: Cannot open include file: 'unistd.h': No such file or directory
NMAKE : fatal error U1077: 'C:\App\CMake\bin\cmake.exe' : return code '0x2'
Stop.
NMAKE : fatal error U1077: '"C:\Program Files (x86)\Microsoft Visual Studio\2019\Community\VC\Tools\MSVC\14.29.30133\bin\HostX86\x64\nmake.exe"' : return code '0x2'
Stop.



Performing C SOURCE FILE Test UV_LINT_NO_UNUSED_PARAMETER failed with the following output:
Change Dir: D:/workspaces/taos_odbc/cmake-build-debug-visual-studio/CMakeFiles/CMakeScratch/TryCompile-zkkcpv

Run Build Command(s):nmake -f Makefile /nologo cmTC_562fc\fast && 	"C:\Program Files (x86)\Microsoft Visual Studio\2019\Community\VC\Tools\MSVC\14.29.30133\bin\HostX86\x64\nmake.exe"  -f CMakeFiles\cmTC_562fc.dir\build.make /nologo -L                  CMakeFiles\cmTC_562fc.dir\build
Building C object CMakeFiles/cmTC_562fc.dir/src.c.obj
	C:\App\CMake\bin\cmake.exe -E cmake_cl_compile_depends --dep-file=CMakeFiles\cmTC_562fc.dir\src.c.obj.d --working-dir=D:\workspaces\taos_odbc\cmake-build-debug-visual-studio\CMakeFiles\CMakeScratch\TryCompile-zkkcpv --filter-prefix="Note: including file: " -- C:\PROGRA~2\MICROS~1\2019\COMMUN~1\VC\Tools\MSVC\1429~1.301\bin\Hostx86\x64\cl.exe @C:\Users\diana\AppData\Local\Temp\nm59D8.tmp
cl : Command line error D8021 : invalid numeric argument '/Wno-unused-parameter'
NMAKE : fatal error U1077: 'C:\App\CMake\bin\cmake.exe' : return code '0x2'
Stop.
NMAKE : fatal error U1077: '"C:\Program Files (x86)\Microsoft Visual Studio\2019\Community\VC\Tools\MSVC\14.29.30133\bin\HostX86\x64\nmake.exe"' : return code '0x2'
Stop.


Source file was:
int main(void) { return 0; }

Performing C SOURCE FILE Test UV_LINT_STRICT_PROTOTYPES failed with the following output:
Change Dir: D:/workspaces/taos_odbc/cmake-build-debug-visual-studio/CMakeFiles/CMakeScratch/TryCompile-ihusgl

Run Build Command(s):nmake -f Makefile /nologo cmTC_3f5be\fast && 	"C:\Program Files (x86)\Microsoft Visual Studio\2019\Community\VC\Tools\MSVC\14.29.30133\bin\HostX86\x64\nmake.exe"  -f CMakeFiles\cmTC_3f5be.dir\build.make /nologo -L                  CMakeFiles\cmTC_3f5be.dir\build
Building C object CMakeFiles/cmTC_3f5be.dir/src.c.obj
	C:\App\CMake\bin\cmake.exe -E cmake_cl_compile_depends --dep-file=CMakeFiles\cmTC_3f5be.dir\src.c.obj.d --working-dir=D:\workspaces\taos_odbc\cmake-build-debug-visual-studio\CMakeFiles\CMakeScratch\TryCompile-ihusgl --filter-prefix="Note: including file: " -- C:\PROGRA~2\MICROS~1\2019\COMMUN~1\VC\Tools\MSVC\1429~1.301\bin\Hostx86\x64\cl.exe @C:\Users\diana\AppData\Local\Temp\nm5A55.tmp
cl : Command line error D8021 : invalid numeric argument '/Wstrict-prototypes'
NMAKE : fatal error U1077: 'C:\App\CMake\bin\cmake.exe' : return code '0x2'
Stop.
NMAKE : fatal error U1077: '"C:\Program Files (x86)\Microsoft Visual Studio\2019\Community\VC\Tools\MSVC\14.29.30133\bin\HostX86\x64\nmake.exe"' : return code '0x2'
Stop.


Source file was:
int main(void) { return 0; }

Performing C SOURCE FILE Test UV_LINT_EXTRA failed with the following output:
Change Dir: D:/workspaces/taos_odbc/cmake-build-debug-visual-studio/CMakeFiles/CMakeScratch/TryCompile-j93aql

Run Build Command(s):nmake -f Makefile /nologo cmTC_d2f03\fast && 	"C:\Program Files (x86)\Microsoft Visual Studio\2019\Community\VC\Tools\MSVC\14.29.30133\bin\HostX86\x64\nmake.exe"  -f CMakeFiles\cmTC_d2f03.dir\build.make /nologo -L                  CMakeFiles\cmTC_d2f03.dir\build
Building C object CMakeFiles/cmTC_d2f03.dir/src.c.obj
	C:\App\CMake\bin\cmake.exe -E cmake_cl_compile_depends --dep-file=CMakeFiles\cmTC_d2f03.dir\src.c.obj.d --working-dir=D:\workspaces\taos_odbc\cmake-build-debug-visual-studio\CMakeFiles\CMakeScratch\TryCompile-j93aql --filter-prefix="Note: including file: " -- C:\PROGRA~2\MICROS~1\2019\COMMUN~1\VC\Tools\MSVC\1429~1.301\bin\Hostx86\x64\cl.exe @C:\Users\diana\AppData\Local\Temp\nm5AD2.tmp
cl : Command line error D8021 : invalid numeric argument '/Wextra'
NMAKE : fatal error U1077: 'C:\App\CMake\bin\cmake.exe' : return code '0x2'
Stop.
NMAKE : fatal error U1077: '"C:\Program Files (x86)\Microsoft Visual Studio\2019\Community\VC\Tools\MSVC\14.29.30133\bin\HostX86\x64\nmake.exe"' : return code '0x2'
Stop.


Source file was:
int main(void) { return 0; }

Performing C SOURCE FILE Test UV_F_STRICT_ALIASING failed with the following output:
Change Dir: D:/workspaces/taos_odbc/cmake-build-debug-visual-studio/CMakeFiles/CMakeScratch/TryCompile-u11zhc

Run Build Command(s):nmake -f Makefile /nologo cmTC_db33b\fast && 	"C:\Program Files (x86)\Microsoft Visual Studio\2019\Community\VC\Tools\MSVC\14.29.30133\bin\HostX86\x64\nmake.exe"  -f CMakeFiles\cmTC_db33b.dir\build.make /nologo -L                  CMakeFiles\cmTC_db33b.dir\build
Building C object CMakeFiles/cmTC_db33b.dir/src.c.obj
	C:\App\CMake\bin\cmake.exe -E cmake_cl_compile_depends --dep-file=CMakeFiles\cmTC_db33b.dir\src.c.obj.d --working-dir=D:\workspaces\taos_odbc\cmake-build-debug-visual-studio\CMakeFiles\CMakeScratch\TryCompile-u11zhc --filter-prefix="Note: including file: " -- C:\PROGRA~2\MICROS~1\2019\COMMUN~1\VC\Tools\MSVC\1429~1.301\bin\Hostx86\x64\cl.exe @C:\Users\diana\AppData\Local\Temp\nm5CD6.tmp
cl : Command line warning D9002 : ignoring unknown option '-fno-strict-aliasing'
src.c
Linking C executable cmTC_db33b.exe
	C:\App\CMake\bin\cmake.exe -E vs_link_exe --intdir=CMakeFiles\cmTC_db33b.dir --rc=C:\PROGRA~2\WI3CF2~1\10\bin\100190~1.0\x86\rc.exe --mt=C:\PROGRA~2\WI3CF2~1\10\bin\100190~1.0\x86\mt.exe --manifests -- C:\PROGRA~2\MICROS~1\2019\COMMUN~1\VC\Tools\MSVC\1429~1.301\bin\Hostx86\x64\link.exe /nologo @CMakeFiles\cmTC_db33b.dir\objects1 @C:\Users\diana\AppData\Local\Temp\nm5D16.tmp


Source file was:
int main(void) { return 0; }

